[debug] [2022-01-21T01:35:49.184Z] ----------------------------------------------------------------------
[debug] [2022-01-21T01:35:49.185Z] Command:       /home/dsuarez/.nvm/versions/node/v14.18.2/bin/node /home/dsuarez/.nvm/versions/node/v14.18.2/bin/firebase deploy
[debug] [2022-01-21T01:35:49.186Z] CLI Version:   10.1.2
[debug] [2022-01-21T01:35:49.186Z] Platform:      linux
[debug] [2022-01-21T01:35:49.186Z] Node Version:  v14.18.2
[debug] [2022-01-21T01:35:49.186Z] Time:          Thu Jan 20 2022 20:35:49 GMT-0500 (hora estándar de Colombia)
[debug] [2022-01-21T01:35:49.186Z] ----------------------------------------------------------------------
[debug] 
[debug] [2022-01-21T01:35:49.216Z] > command requires scopes: ["email","openid","https://www.googleapis.com/auth/cloudplatformprojects.readonly","https://www.googleapis.com/auth/firebase","https://www.googleapis.com/auth/cloud-platform"]
[debug] [2022-01-21T01:35:49.216Z] > authorizing via signed-in user (alexdast26@gmail.com)
[debug] [2022-01-21T01:35:49.216Z] [iam] checking project platzi-curso-angular for permissions ["firebase.projects.get","firebasehosting.sites.update"]
[debug] [2022-01-21T01:35:49.217Z] >>> HTTP REQUEST POST https://cloudresourcemanager.googleapis.com/v1/projects/platzi-curso-angular:testIamPermissions  
 {"permissions":["firebase.projects.get","firebasehosting.sites.update"]}
[debug] [2022-01-21T01:35:50.590Z] <<< HTTP RESPONSE 200 {"content-type":"application/json; charset=UTF-8","vary":"X-Origin, Referer, Origin,Accept-Encoding","date":"Fri, 21 Jan 2022 01:35:50 GMT","server":"ESF","cache-control":"private","x-xss-protection":"0","x-frame-options":"SAMEORIGIN","x-content-type-options":"nosniff","server-timing":"gfet4t7; dur=652","alt-svc":"h3=\":443\"; ma=2592000,h3-29=\":443\"; ma=2592000,h3-Q050=\":443\"; ma=2592000,h3-Q046=\":443\"; ma=2592000,h3-Q043=\":443\"; ma=2592000,quic=\":443\"; ma=2592000; v=\"46,43\"","accept-ranges":"none","transfer-encoding":"chunked"}
[debug] [2022-01-21T01:35:50.593Z] > refreshing access token with scopes: []
[debug] [2022-01-21T01:35:50.594Z] >>> HTTP REQUEST POST https://www.googleapis.com/oauth2/v3/token  
 <request body omitted>
[debug] [2022-01-21T01:35:51.323Z] <<< HTTP RESPONSE 200 {"cache-control":"no-cache, no-store, max-age=0, must-revalidate","date":"Fri, 21 Jan 2022 01:35:51 GMT","pragma":"no-cache","expires":"Mon, 01 Jan 1990 00:00:00 GMT","content-type":"application/json; charset=utf-8","vary":"X-Origin, Referer, Origin,Accept-Encoding","server":"scaffolding on HTTPServer2","x-xss-protection":"0","x-frame-options":"SAMEORIGIN","x-content-type-options":"nosniff","alt-svc":"h3=\":443\"; ma=2592000,h3-29=\":443\"; ma=2592000,h3-Q050=\":443\"; ma=2592000,h3-Q046=\":443\"; ma=2592000,h3-Q043=\":443\"; ma=2592000,quic=\":443\"; ma=2592000; v=\"46,43\"","accept-ranges":"none","transfer-encoding":"chunked"}
[debug] [2022-01-21T01:35:51.344Z] >>> [apiv2][query] GET https://firebase.googleapis.com/v1beta1/projects/platzi-curso-angular [none]
[debug] [2022-01-21T01:35:52.264Z] <<< [apiv2][status] GET https://firebase.googleapis.com/v1beta1/projects/platzi-curso-angular 200
[debug] [2022-01-21T01:35:52.264Z] <<< [apiv2][body] GET https://firebase.googleapis.com/v1beta1/projects/platzi-curso-angular {"projectId":"platzi-curso-angular","projectNumber":"768023296507","displayName":"platzi-curso-angular","name":"projects/platzi-curso-angular","resources":{"hostingSite":"platzi-curso-angular","storageBucket":"platzi-curso-angular.appspot.com","locationId":"us-central"},"state":"ACTIVE"}
[info] 
[info] === Deploying to 'platzi-curso-angular'...
[info] 
[info] i  deploying hosting 
[debug] [2022-01-21T01:35:52.268Z] > refreshing access token with scopes: ["email","https://www.googleapis.com/auth/cloud-platform","https://www.googleapis.com/auth/cloudplatformprojects.readonly","https://www.googleapis.com/auth/firebase","openid"]
[debug] [2022-01-21T01:35:52.268Z] >>> HTTP REQUEST POST https://www.googleapis.com/oauth2/v3/token  
 <request body omitted>
[debug] [2022-01-21T01:35:53.016Z] <<< HTTP RESPONSE 200 {"cache-control":"no-cache, no-store, max-age=0, must-revalidate","expires":"Mon, 01 Jan 1990 00:00:00 GMT","pragma":"no-cache","date":"Fri, 21 Jan 2022 01:35:52 GMT","content-type":"application/json; charset=utf-8","vary":"X-Origin, Referer, Origin,Accept-Encoding","server":"scaffolding on HTTPServer2","x-xss-protection":"0","x-frame-options":"SAMEORIGIN","x-content-type-options":"nosniff","alt-svc":"h3=\":443\"; ma=2592000,h3-29=\":443\"; ma=2592000,h3-Q050=\":443\"; ma=2592000,h3-Q046=\":443\"; ma=2592000,h3-Q043=\":443\"; ma=2592000,quic=\":443\"; ma=2592000; v=\"46,43\"","accept-ranges":"none","transfer-encoding":"chunked"}
[debug] [2022-01-21T01:35:53.025Z] >>> HTTP REQUEST POST https://firebasehosting.googleapis.com/v1beta1/sites/platzi-curso-angular/versions  
 {"config":{"rewrites":[{"glob":"**","path":"/index.html"}]},"labels":{"deployment-tool":"cli-firebase"}}
